2018-09-13 14:28:09: LOG: Export: C:/Users/Emilie/Desktop/mask3.fbx
2018-09-13 14:29:58: LOG: Export: C:/Users/Emilie/Desktop/mask3.fbx
2018-09-13 14:32:31: LOG: Export: C:/Users/Emilie/Desktop/Ghofran/Grab test/mask 5.fbx
2018-09-13 14:32:31: LOG: [WARNING] Animation curve tangent type changed to User - The plug-in has changed some animation curves tangents type to User to ensure interoperability.  This mode change will not affect the animation curves' values
 first_drawing_0000_visibility first_drawing_0000_visibility1
2018-09-13 14:35:39: LOG: Export: C:/Users/Emilie/Desktop/Ghofran/Grab test/mask 5.fbx
2018-09-13 14:35:39: LOG: [WARNING] Animation curve tangent type changed to User - The plug-in has changed some animation curves tangents type to User to ensure interoperability.  This mode change will not affect the animation curves' values
 first_drawing_0000_visibility first_drawing_0000_visibility1
2018-09-13 14:50:08: LOG: Export: C:/Users/Emilie/Desktop/mask 5.fbx
2018-09-13 14:50:08: LOG: [WARNING] Animation curve tangent type changed to User - The plug-in has changed some animation curves tangents type to User to ensure interoperability.  This mode change will not affect the animation curves' values
 first_drawing_0000_visibility1
2018-09-13 15:47:30: LOG: Export: C:/Users/Emilie/Desktop/table2.fbx
2018-09-13 15:49:23: LOG: Export: C:/Users/Emilie/Desktop/Table3.fbx
2018-09-13 15:51:42: LOG: Export: C:/Users/Emilie/Desktop/table22.fbx
2018-09-13 15:55:55: LOG: Export: C:/Users/Emilie/Desktop/Ghofran/Grab test/table2.fbx
2018-09-13 15:57:02: LOG: Export: C:/Users/Emilie/Desktop/Ghofran/Grab test/table2.fbx
2018-11-19 12:10:47: LOG: Export: C:/Users/Emilie/Desktop/WinterOlymp/MarcelH-mayafixed.fbx
2018-11-19 17:37:46: LOG: Export: C:/Users/Emilie/Desktop/WinterOlymp/MichaelHAnimated.fbx
2018-11-19 17:37:47: LOG: [WARNING] Animation curve tangent type changed to User - The plug-in has changed some animation curves tangents type to User to ensure interoperability.  This mode change will not affect the animation curves' values
 QuickRigCharacter_Ctrl_HipsEffector_translateX QuickRigCharacter_Ctrl_HipsEffector_translateY QuickRigCharacter_Ctrl_HipsEffector_translateZ QuickRigCharacter_Ctrl_LeftAnkleEffector_translateX QuickRigCharacter_Ctrl_LeftAnkleEffector_translateY QuickRigCharacter_Ctrl_LeftAnkleEffector_translateZ QuickRigCharacter_Ctrl_RightAnkleEffector_translateX QuickRigCharacter_Ctrl_RightAnkleEffector_translateY QuickRigCharacter_Ctrl_RightAnkleEffector_translateZ QuickRigCharacter_Ctrl_LeftWristEffector_translateX QuickRigCharacter_Ctrl_LeftWristEffector_translateY QuickRigCharacter_Ctrl_LeftWristEffector_translateZ QuickRigCharacter_Ctrl_RightWristEffector_translateX QuickRigCharacter_Ctrl_RightWristEffector_translateY QuickRigCharacter_Ctrl_RightWristEffector_translateZ QuickRigCharacter_Ctrl_LeftKneeEffe
2018-11-19 17:38:25: LOG: Export: C:/Users/Emilie/Desktop/WinterOlymp/MichaelHIdle.fbx
2018-11-19 17:38:28: LOG: [WARNING] Animation curve tangent type changed to User - The plug-in has changed some animation curves tangents type to User to ensure interoperability.  This mode change will not affect the animation curves' values
 QuickRigCharacter_Ctrl_HipsEffector_translateX QuickRigCharacter_Ctrl_HipsEffector_translateY QuickRigCharacter_Ctrl_HipsEffector_translateZ QuickRigCharacter_Ctrl_LeftAnkleEffector_translateX QuickRigCharacter_Ctrl_LeftAnkleEffector_translateY QuickRigCharacter_Ctrl_LeftAnkleEffector_translateZ QuickRigCharacter_Ctrl_RightAnkleEffector_translateX QuickRigCharacter_Ctrl_RightAnkleEffector_translateY QuickRigCharacter_Ctrl_RightAnkleEffector_translateZ QuickRigCharacter_Ctrl_LeftWristEffector_translateX QuickRigCharacter_Ctrl_LeftWristEffector_translateY QuickRigCharacter_Ctrl_LeftWristEffector_translateZ QuickRigCharacter_Ctrl_RightWristEffector_translateX QuickRigCharacter_Ctrl_RightWristEffector_translateY QuickRigCharacter_Ctrl_RightWristEffector_translateZ QuickRigCharacter_Ctrl_LeftKneeEffe
2018-11-19 17:38:28: LOG: [WARNING] Complex animation baked -  - 
 221 attributes had complex animation. Complex animation was exported as baked curves. (88400 evaluations done)
2018-11-20 15:54:27: LOG: Export: C:/Users/Emilie/Desktop/WinterOlymp/idleidle.fbx
2018-11-20 15:54:30: LOG: [WARNING] Animation curve tangent type changed to User - The plug-in has changed some animation curves tangents type to User to ensure interoperability.  This mode change will not affect the animation curves' values
 QuickRigCharacter_Ctrl_HipsEffector_translateX QuickRigCharacter_Ctrl_HipsEffector_translateY QuickRigCharacter_Ctrl_HipsEffector_translateZ QuickRigCharacter_Ctrl_LeftAnkleEffector_translateX QuickRigCharacter_Ctrl_LeftAnkleEffector_translateY QuickRigCharacter_Ctrl_LeftAnkleEffector_translateZ QuickRigCharacter_Ctrl_RightAnkleEffector_translateX QuickRigCharacter_Ctrl_RightAnkleEffector_translateY QuickRigCharacter_Ctrl_RightAnkleEffector_translateZ QuickRigCharacter_Ctrl_LeftWristEffector_translateX QuickRigCharacter_Ctrl_LeftWristEffector_translateY QuickRigCharacter_Ctrl_LeftWristEffector_translateZ QuickRigCharacter_Ctrl_RightWristEffector_translateX QuickRigCharacter_Ctrl_RightWristEffector_translateY QuickRigCharacter_Ctrl_RightWristEffector_translateZ QuickRigCharacter_Ctrl_LeftKneeEffe
2018-11-20 15:54:30: LOG: [WARNING] Complex animation baked -  - 
 221 attributes had complex animation. Complex animation was exported as baked curves. (66300 evaluations done)
2018-11-26 14:29:04: LOG: Export: C:/Users/Emilie/Box Sync/PizNair/Assets/BlocksModelsCleaned/QuattroBar/Medal.fbx
2018-11-26 14:29:13: LOG: Export: C:/Users/Emilie/Box Sync/PizNair/Assets/BlocksModelsCleaned/QuattroBar/Rope.fbx
