2018-09-13 14:27:11: LOG: Import: D:/SpatialStories/SpatialStories_SDK/Assets/Ghofran/Assets/Models/mask3.fbx
2018-09-13 14:31:34: LOG: Import: C:/Users/Emilie/Desktop/Ghofran/Grab test/mask2.fbx
2018-09-13 14:40:27: LOG: Import: C:/Users/Emilie/Desktop/Ghofran/Grab test/mask 5.fbx
2018-09-13 14:48:12: LOG: Import: C:/Users/Emilie/Desktop/Ghofran/Grab test/mask 5.fbx
2018-09-13 14:48:32: LOG: Import: C:/Users/Emilie/Desktop/Ghofran/Grab test/mask3.fbx
2018-09-13 15:44:38: LOG: Import: C:/Users/Emilie/Desktop/Ghofran/Grab test/table2.fbx
2018-09-13 15:47:53: LOG: Import: C:/Users/Emilie/Desktop/Ghofran/Grab test/Table3.fbx
2018-09-13 15:55:25: LOG: Import: C:/Users/Emilie/Desktop/Ghofran/Grab test/table2.fbx
2018-11-19 12:06:35: LOG: Import: C:/Users/Emilie/Desktop/WinterOlymp/MarcelH.fbx
2018-11-19 15:12:46: LOG: Import: C:/Users/Emilie/Desktop/WinterOlymp/MarcelH-mayafixed.fbx
2018-11-19 15:14:31: LOG: Import: C:/Users/Emilie/Desktop/WinterOlymp/MarcelH.fbx
2018-11-19 15:15:04: LOG: Import: C:/Users/Emilie/Desktop/WinterOlymp/MarcelH.fbx
2018-11-19 15:23:16: LOG: Import: C:/Users/Emilie/Desktop/WinterOlymp/MarcelH.fbx
2018-11-19 15:29:32: LOG: Import: C:/Users/Emilie/Desktop/WinterOlymp/MarcelH.fbx
2018-11-19 15:35:31: LOG: Import: C:/Users/Emilie/Desktop/WinterOlymp/MarcelH.fbx
2018-11-19 17:43:43: LOG: Import: C:/Users/Emilie/Desktop/WinterOlymp/EdyR.fbx
2018-11-20 13:53:56: LOG: Import: C:/Users/Emilie/Desktop/WinterOlymp/HedyModel.fbx
2018-11-26 14:16:06: LOG: Import: C:/Users/Emilie/Desktop/WinterOlymp/3DModels/Medals/Medals.fbx
2018-12-11 15:55:33: LOG: Import: C:/Users/Emilie/Desktop/EdyStatue_simpler.fbx
2018-12-11 15:59:48: LOG: Import: C:/Users/Emilie/Desktop/EdyStatue.fbx
2018-12-12 16:01:45: LOG: Import: C:/Users/Emilie/Desktop/model.fbx
