Base path: E:/Unity 5.6.0f3/Unity/Editor/Data
Cmd: initializeCompiler
Cmd: preprocess
  insize=1461 outsize=704 ok=1
Cmd: preprocess
  insize=793 outsize=790 ok=1
Cmd: preprocess
  insize=2873 outsize=968 ok=1
Cmd: preprocess
  insize=1352 outsize=1221 ok=1
Cmd: preprocess
  insize=12395 outsize=5101 ok=1
Cmd: preprocess
  insize=1352 outsize=1221 ok=1
Cmd: preprocess
  insize=1654 outsize=705 ok=1
Cmd: preprocess
  insize=1305 outsize=1217 ok=1
Cmd: preprocess
  insize=1455 outsize=1200 ok=1
Cmd: compileSnippet
  api=4 type=0 insize=1555 outsize=834 kw= pd=UNITY_ENABLE_REFLECTION_BUFFERS UNITY_USE_DITHER_MASK_FOR_ALPHABLENDED_SHADOWS UNITY_PBS_USE_BRDF1 UNITY_SPECCUBE_BOX_PROJECTION UNITY_SPECCUBE_BLENDING UNITY_ENABLE_DETAIL_NORMALMAP SHADER_API_DESKTOP UNITY_COLORSPACE_GAMMA ok=1
Cmd: compileSnippet
  api=4 type=1 insize=1555 outsize=666 kw= pd=UNITY_ENABLE_REFLECTION_BUFFERS UNITY_USE_DITHER_MASK_FOR_ALPHABLENDED_SHADOWS UNITY_PBS_USE_BRDF1 UNITY_SPECCUBE_BOX_PROJECTION UNITY_SPECCUBE_BLENDING UNITY_ENABLE_DETAIL_NORMALMAP SHADER_API_DESKTOP UNITY_COLORSPACE_GAMMA ok=1
